<?xml version="1.0" encoding="UTF-8"?>
<!-- Generated by org.testng.reporters.JUnitReportReporter -->
<testsuite hostname="LAPTOP-0MU7EG7P" name="maven.maven.test" tests="1" failures="0" timestamp="30 Dec 2019 22:01:08 GMT" time="0.015" errors="0">
  <testcase name="f" time="0.015" classname="maven.maven.test"/>
</testsuite> <!-- maven.maven.test -->
